<?xml version="1.0" encoding="UTF-8"?>
<!-- Generated by org.testng.reporters.JUnitReportReporter -->
<testsuite hostname="DESKTOP-VBE86CG" failures="0" tests="1" name="amazonApp.ProjectOneWithTenTestCasesNew.TC04" time="19.448" errors="0" timestamp="2024-07-19T14:30:11 IST" skipped="0">
  <testcase classname="amazonApp.ProjectOneWithTenTestCasesNew.TC04" name="Manage_Proile" time="19.448"/>
  <system-out/>
</testsuite> <!-- amazonApp.ProjectOneWithTenTestCasesNew.TC04 -->
