<?xml version="1.0" encoding="UTF-8"?>
<!-- Generated by org.testng.reporters.JUnitReportReporter -->
<testsuite hostname="DESKTOP-VBE86CG" failures="0" tests="1" name="amazonApp.ProjectOneWithTenTestCasesNew.TC02" time="14.445" errors="0" timestamp="2024-07-19T14:30:11 IST" skipped="0">
  <testcase classname="amazonApp.ProjectOneWithTenTestCasesNew.TC02" name="Loginwith_validCreds" time="14.445"/>
  <system-out/>
</testsuite> <!-- amazonApp.ProjectOneWithTenTestCasesNew.TC02 -->
