<?xml version="1.0" encoding="UTF-8"?>
<!-- Generated by org.testng.reporters.JUnitReportReporter -->
<testsuite hostname="DESKTOP-VBE86CG" failures="0" tests="1" name="amazonApp.ProjectOneWithTenTestCasesNew.TC10" time="23.632" errors="0" timestamp="2024-07-19T16:13:49 IST" skipped="0">
  <testcase classname="amazonApp.ProjectOneWithTenTestCasesNew.TC10" name="UpdateCart" time="23.632"/>
</testsuite> <!-- amazonApp.ProjectOneWithTenTestCasesNew.TC10 -->
