<?xml version="1.0" encoding="UTF-8"?>
<!-- Generated by org.testng.reporters.JUnitReportReporter -->
<testsuite hostname="DESKTOP-VBE86CG" failures="0" tests="1" name="amazonApp.ProjectOneWithTenTestCasesNew.TC06" time="16.453" errors="0" timestamp="2024-07-19T16:13:49 IST" skipped="0">
  <testcase classname="amazonApp.ProjectOneWithTenTestCasesNew.TC06" name="Filtertheproduct" time="16.453"/>
</testsuite> <!-- amazonApp.ProjectOneWithTenTestCasesNew.TC06 -->
